<?xml version="1.0" encoding="UTF-8"?>
<!-- Generated by org.testng.reporters.JUnitReportReporter -->
<testsuite name="TestNGsample.TestNGscripts" tests="3" time="0.012" ignored="0" failures="0" timestamp="20 Mar 2017 06:29:04 GMT" skipped="0" hostname="Ripon" errors="0">
  <testcase name="CheckOut" time="0.010" classname="TestNGsample.TestNGscripts"/>
  <testcase name="seletItems" time="0.001" classname="TestNGsample.TestNGscripts"/>
  <testcase name="loginApplication" time="0.001" classname="TestNGsample.TestNGscripts"/>
</testsuite> <!-- TestNGsample.TestNGscripts -->
