<?xml version="1.0" encoding="UTF-8"?>
<!-- Generated by org.testng.reporters.JUnitReportReporter -->
<testsuite name="TestNGListener.TestCase" tests="1" time="13.100" ignored="0" failures="0" timestamp="20 Mar 2017 20:12:16 GMT" skipped="0" hostname="Ripon" errors="0">
  <testcase name="GoogleTitleVerify" time="13.100" classname="TestNGListener.TestCase"/>
</testsuite> <!-- TestNGListener.TestCase -->
